[0m2021.12.14 14:22:13 INFO  Started: Metals version 0.10.9 in workspace '/home/dhanyaharish/Documents/GitHub/Scala/new_project' for client Visual Studio Code 1.61.2.[0m
[0m2021.12.14 14:22:16 INFO  time: initialize in 2.94s[0m
[0m2021.12.14 14:22:18 WARN  Build server is not auto-connectable.[0m
[0m2021.12.14 14:22:19 WARN  no build target for: /home/dhanyaharish/Documents/GitHub/Scala/new_project/src/main/scala/Main.scala[0m
[0m2021.12.14 14:22:24 INFO  running '/home/dhanyaharish/.jabba/jdk/adopt@1.11.0-11/bin/java -Djline.terminal=jline.UnsupportedTerminal -Dsbt.log.noformat=true -Dfile.encoding=UTF-8 -jar /tmp/metals11237352039159715547/sbt-launch.jar -Dbloop.export-jar-classifiers=sources bloopInstall'[0m
[0m2021.12.14 14:22:25 WARN  no build target for: /home/dhanyaharish/Documents/GitHub/Scala/new_project/project/metals.sbt[0m
[0m2021.12.14 14:22:25 WARN  no build target for: /home/dhanyaharish/Documents/GitHub/Scala/new_project/project/project/metals.sbt[0m
[0m2021.12.14 14:22:25 INFO  skipping build import with status 'Started'[0m
[0m2021.12.14 14:22:25 INFO  no build target: using presentation compiler with only scala-library: 3.1.0[0m
[0m2021.12.14 14:22:26 ERROR [info] [launcher] getting org.scala-sbt sbt 1.5.5  (this may take some time)...[0m
[0m2021.12.14 14:22:31 INFO  time: code lens generation in 10s[0m
[0m2021.12.14 14:22:31 INFO  time: code lens generation in 6.43s[0m
[0m2021.12.14 14:28:02 ERROR downloading https://repo1.maven.org/maven2/org/scala-lang/scala-library/2.12.14/scala-library-2.12.14.jar ...[0m
[0m2021.12.14 14:28:02 ERROR downloading https://repo1.maven.org/maven2/org/scala-sbt/main_2.12/1.5.5/main_2.12-1.5.5.jar ...[0m
[0m2021.12.14 14:28:02 ERROR downloading https://repo1.maven.org/maven2/org/scala-sbt/io_2.12/1.5.1/io_2.12-1.5.1.jar ...[0m
[0m2021.12.14 14:28:02 ERROR downloading https://repo1.maven.org/maven2/org/scala-sbt/sbt/1.5.5/sbt-1.5.5.jar ...[0m
[0m2021.12.14 14:28:02 ERROR :: loading settings :: url = jar:file:/tmp/metals11237352039159715547/sbt-launch.jar!/org/apache/ivy/core/settings/ivysettings.xml[0m
[0m2021.12.14 14:28:02 ERROR :: loading settings :: url = jar:file:/tmp/metals11237352039159715547/sbt-launch.jar!/org/apache/ivy/core/settings/ivysettings.xml[0m
[0m2021.12.14 14:28:02 ERROR :: loading settings :: url = jar:file:/tmp/metals11237352039159715547/sbt-launch.jar!/org/apache/ivy/core/settings/ivysettings.xml[0m
[0m2021.12.14 14:28:02 ERROR :: loading settings :: url = jar:file:/tmp/metals11237352039159715547/sbt-launch.jar!/org/apache/ivy/core/settings/ivysettings.xml[0m
[0m2021.12.14 14:28:05 ERROR 	[SUCCESSFUL ] org.scala-sbt#sbt;1.5.5!sbt.jar (3549ms)[0m
[0m2021.12.14 14:28:05 ERROR downloading https://repo1.maven.org/maven2/org/scala-sbt/logic_2.12/1.5.5/logic_2.12-1.5.5.jar ...[0m
[0m2021.12.14 14:28:07 ERROR 	[SUCCESSFUL ] org.scala-sbt#logic_2.12;1.5.5!logic_2.12.jar (1882ms)[0m
[0m2021.12.14 14:28:07 ERROR downloading https://repo1.maven.org/maven2/org/scala-sbt/actions_2.12/1.5.5/actions_2.12-1.5.5.jar ...[0m
[0m2021.12.14 14:28:07 ERROR 	[SUCCESSFUL ] org.scala-sbt#io_2.12;1.5.1!io_2.12.jar (5852ms)[0m
[0m2021.12.14 14:28:07 ERROR downloading https://repo1.maven.org/maven2/org/scala-sbt/main-settings_2.12/1.5.5/main-settings_2.12-1.5.5.jar ...[0m
[0m2021.12.14 14:28:10 ERROR 	[SUCCESSFUL ] org.scala-sbt#actions_2.12;1.5.5!actions_2.12.jar (2908ms)[0m
[0m2021.12.14 14:28:10 ERROR downloading https://repo1.maven.org/maven2/org/scala-sbt/run_2.12/1.5.5/run_2.12-1.5.5.jar ...[0m
[0m2021.12.14 14:28:11 ERROR 	[SUCCESSFUL ] org.scala-sbt#main-settings_2.12;1.5.5!main-settings_2.12.jar (3624ms)[0m
[0m2021.12.14 14:28:11 ERROR downloading https://repo1.maven.org/maven2/org/scala-sbt/command_2.12/1.5.5/command_2.12-1.5.5.jar ...[0m
[0m2021.12.14 14:28:11 ERROR 	[SUCCESSFUL ] org.scala-sbt#run_2.12;1.5.5!run_2.12.jar (2053ms)[0m
[0m2021.12.14 14:28:11 ERROR downloading https://repo1.maven.org/maven2/org/scala-sbt/collections_2.12/1.5.5/collections_2.12-1.5.5.jar ...[0m
[0m2021.12.14 14:28:15 ERROR 	[SUCCESSFUL ] org.scala-sbt#command_2.12;1.5.5!command_2.12.jar (3665ms)[0m
[0m2021.12.14 14:28:15 ERROR downloading https://repo1.maven.org/maven2/org/scala-sbt/scripted-plugin_2.12/1.5.5/scripted-plugin_2.12-1.5.5.jar ...[0m
[0m2021.12.14 14:28:15 ERROR 	[SUCCESSFUL ] org.scala-sbt#collections_2.12;1.5.5!collections_2.12.jar (3003ms)[0m
[0m2021.12.14 14:28:15 ERROR downloading https://repo1.maven.org/maven2/org/scala-sbt/zinc-lm-integration_2.12/1.5.5/zinc-lm-integration_2.12-1.5.5.jar ...[0m
[0m2021.12.14 14:28:17 ERROR 	[SUCCESSFUL ] org.scala-sbt#zinc-lm-integration_2.12;1.5.5!zinc-lm-integration_2.12.jar (1973ms)[0m
[0m2021.12.14 14:28:17 ERROR downloading https://repo1.maven.org/maven2/org/scala-sbt/util-logging_2.12/1.5.5/util-logging_2.12-1.5.5.jar ...[0m
[0m2021.12.14 14:28:17 ERROR 	[SUCCESSFUL ] org.scala-sbt#scripted-plugin_2.12;1.5.5!scripted-plugin_2.12.jar (2479ms)[0m
[0m2021.12.14 14:28:17 ERROR downloading https://repo1.maven.org/maven2/org/scala-lang/modules/scala-xml_2.12/1.3.0/scala-xml_2.12-1.3.0.jar ...[0m
[0m2021.12.14 14:28:17 ERROR 	[SUCCESSFUL ] org.scala-lang#scala-library;2.12.14!scala-library.jar (16329ms)[0m
[0m2021.12.14 14:28:17 ERROR downloading https://repo1.maven.org/maven2/org/scala-sbt/launcher-interface/1.3.3/launcher-interface-1.3.3.jar ...[0m
[0m2021.12.14 14:28:20 ERROR 	[SUCCESSFUL ] org.scala-sbt#launcher-interface;1.3.3!launcher-interface.jar (1718ms)[0m
[0m2021.12.14 14:28:20 ERROR downloading https://repo1.maven.org/maven2/com/github/ben-manes/caffeine/caffeine/2.8.5/caffeine-2.8.5.jar ...[0m
[0m2021.12.14 14:28:20 ERROR 	[SUCCESSFUL ] org.scala-sbt#main_2.12;1.5.5!main_2.12.jar (18212ms)[0m
[0m2021.12.14 14:28:20 ERROR downloading https://repo1.maven.org/maven2/io/get-coursier/lm-coursier-shaded_2.12/2.0.8/lm-coursier-shaded_2.12-2.0.8.jar ...[0m
[0m2021.12.14 14:28:20 ERROR 	[SUCCESSFUL ] org.scala-sbt#util-logging_2.12;1.5.5!util-logging_2.12.jar (3471ms)[0m
[0m2021.12.14 14:28:20 ERROR downloading https://repo1.maven.org/maven2/org/apache/logging/log4j/log4j-api/2.11.2/log4j-api-2.11.2.jar ...[0m
[0m2021.12.14 14:28:23 ERROR 	[SUCCESSFUL ] org.scala-lang.modules#scala-xml_2.12;1.3.0!scala-xml_2.12.jar(bundle) (5630ms)[0m
[0m2021.12.14 14:28:23 ERROR downloading https://repo1.maven.org/maven2/org/apache/logging/log4j/log4j-core/2.11.2/log4j-core-2.11.2.jar ...[0m
[0m2021.12.14 14:28:23 ERROR 	[SUCCESSFUL ] org.apache.logging.log4j#log4j-api;2.11.2!log4j-api.jar (2682ms)[0m
[0m2021.12.14 14:28:23 ERROR downloading https://repo1.maven.org/maven2/org/apache/logging/log4j/log4j-slf4j-impl/2.11.2/log4j-slf4j-impl-2.11.2.jar ...[0m
[0m2021.12.14 14:28:23 ERROR 	[SUCCESSFUL ] com.github.ben-manes.caffeine#caffeine;2.8.5!caffeine.jar (3614ms)[0m
[0m2021.12.14 14:28:23 ERROR downloading https://repo1.maven.org/maven2/org/scala-sbt/librarymanagement-core_2.12/1.5.3/librarymanagement-core_2.12-1.5.3.jar ...[0m
[0m2021.12.14 14:28:25 ERROR 	[SUCCESSFUL ] org.apache.logging.log4j#log4j-slf4j-impl;2.11.2!log4j-slf4j-impl.jar (1499ms)[0m
[0m2021.12.14 14:28:25 ERROR downloading https://repo1.maven.org/maven2/org/scala-sbt/librarymanagement-ivy_2.12/1.5.3/librarymanagement-ivy_2.12-1.5.3.jar ...[0m
[0m2021.12.14 14:28:26 ERROR 	[SUCCESSFUL ] org.scala-sbt#librarymanagement-core_2.12;1.5.3!librarymanagement-core_2.12.jar (2945ms)[0m
[0m2021.12.14 14:28:26 ERROR downloading https://repo1.maven.org/maven2/org/scala-sbt/compiler-interface/1.5.7/compiler-interface-1.5.7.jar ...[0m
[0m2021.12.14 14:28:28 ERROR 	[SUCCESSFUL ] org.scala-sbt#compiler-interface;1.5.7!compiler-interface.jar (1403ms)[0m
[0m2021.12.14 14:28:28 ERROR downloading https://repo1.maven.org/maven2/org/scala-sbt/zinc-compile_2.12/1.5.7/zinc-compile_2.12-1.5.7.jar ...[0m
[0m2021.12.14 14:28:28 ERROR 	[SUCCESSFUL ] org.scala-sbt#librarymanagement-ivy_2.12;1.5.3!librarymanagement-ivy_2.12.jar (3307ms)[0m
[0m2021.12.14 14:28:28 ERROR downloading https://repo1.maven.org/maven2/org/scala-sbt/util-relation_2.12/1.5.5/util-relation_2.12-1.5.5.jar ...[0m
[0m2021.12.14 14:28:29 ERROR 	[SUCCESSFUL ] org.scala-sbt#zinc-compile_2.12;1.5.7!zinc-compile_2.12.jar (1125ms)[0m
[0m2021.12.14 14:28:29 ERROR downloading https://repo1.maven.org/maven2/org/scala-sbt/util-position_2.12/1.5.5/util-position_2.12-1.5.5.jar ...[0m
[0m2021.12.14 14:28:29 ERROR 	[SUCCESSFUL ] org.scala-sbt#util-relation_2.12;1.5.5!util-relation_2.12.jar (1211ms)[0m
[0m2021.12.14 14:28:29 ERROR downloading https://repo1.maven.org/maven2/com/eed3si9n/sjson-new-scalajson_2.12/0.9.1/sjson-new-scalajson_2.12-0.9.1.jar ...[0m
[0m2021.12.14 14:28:30 ERROR 	[SUCCESSFUL ] org.scala-sbt#util-position_2.12;1.5.5!util-position_2.12.jar (1456ms)[0m
[0m2021.12.14 14:28:30 ERROR downloading https://repo1.maven.org/maven2/org/scala-lang/scala-reflect/2.12.14/scala-reflect-2.12.14.jar ...[0m
[0m2021.12.14 14:28:30 ERROR 	[SUCCESSFUL ] com.eed3si9n#sjson-new-scalajson_2.12;0.9.1!sjson-new-scalajson_2.12.jar (1516ms)[0m
[0m2021.12.14 14:28:30 ERROR downloading https://repo1.maven.org/maven2/com/eed3si9n/sjson-new-core_2.12/0.9.1/sjson-new-core_2.12-0.9.1.jar ...[0m
[0m2021.12.14 14:28:32 ERROR 	[SUCCESSFUL ] org.apache.logging.log4j#log4j-core;2.11.2!log4j-core.jar (9245ms)[0m
[0m2021.12.14 14:28:32 ERROR downloading https://repo1.maven.org/maven2/com/eed3si9n/shaded-jawn-parser_2.12/0.9.1/shaded-jawn-parser_2.12-0.9.1.jar ...[0m
[0m2021.12.14 14:28:34 ERROR 	[SUCCESSFUL ] com.eed3si9n#sjson-new-core_2.12;0.9.1!sjson-new-core_2.12.jar (2978ms)[0m
[0m2021.12.14 14:28:34 ERROR downloading https://repo1.maven.org/maven2/com/eed3si9n/shaded-scalajson_2.12/1.0.0-M4/shaded-scalajson_2.12-1.0.0-M4.jar ...[0m
[0m2021.12.14 14:28:34 ERROR 	[SUCCESSFUL ] com.eed3si9n#shaded-jawn-parser_2.12;0.9.1!shaded-jawn-parser_2.12.jar (1736ms)[0m
[0m2021.12.14 14:28:34 ERROR downloading https://repo1.maven.org/maven2/org/scala-sbt/completion_2.12/1.5.5/completion_2.12-1.5.5.jar ...[0m
[0m2021.12.14 14:28:36 ERROR 	[SUCCESSFUL ] com.eed3si9n#shaded-scalajson_2.12;1.0.0-M4!shaded-scalajson_2.12.jar (2138ms)[0m
[0m2021.12.14 14:28:36 ERROR downloading https://repo1.maven.org/maven2/org/scala-sbt/task-system_2.12/1.5.5/task-system_2.12-1.5.5.jar ...[0m
[0m2021.12.14 14:28:36 ERROR 	[SUCCESSFUL ] org.scala-sbt#completion_2.12;1.5.5!completion_2.12.jar (2591ms)[0m
[0m2021.12.14 14:28:36 ERROR downloading https://repo1.maven.org/maven2/org/scala-sbt/tasks_2.12/1.5.5/tasks_2.12-1.5.5.jar ...[0m
[0m2021.12.14 14:28:38 ERROR 	[SUCCESSFUL ] org.scala-sbt#task-system_2.12;1.5.5!task-system_2.12.jar (1586ms)[0m
[0m2021.12.14 14:28:38 ERROR downloading https://repo1.maven.org/maven2/org/scala-sbt/testing_2.12/1.5.5/testing_2.12-1.5.5.jar ...[0m
[0m2021.12.14 14:28:38 ERROR 	[SUCCESSFUL ] org.scala-sbt#tasks_2.12;1.5.5!tasks_2.12.jar (1637ms)[0m
[0m2021.12.14 14:28:38 ERROR downloading https://repo1.maven.org/maven2/org/scala-sbt/util-tracking_2.12/1.5.5/util-tracking_2.12-1.5.5.jar ...[0m
[0m2021.12.14 14:28:40 ERROR 	[SUCCESSFUL ] org.scala-sbt#testing_2.12;1.5.5!testing_2.12.jar (2070ms)[0m
[0m2021.12.14 14:28:40 ERROR downloading https://repo1.maven.org/maven2/org/jline/jline-terminal/3.19.0/jline-terminal-3.19.0.jar ...[0m
[0m2021.12.14 14:28:40 ERROR 	[SUCCESSFUL ] org.scala-sbt#util-tracking_2.12;1.5.5!util-tracking_2.12.jar (1554ms)[0m
[0m2021.12.14 14:28:40 ERROR downloading https://repo1.maven.org/maven2/org/scala-sbt/zinc-classpath_2.12/1.5.7/zinc-classpath_2.12-1.5.7.jar ...[0m
[0m2021.12.14 14:28:42 ERROR 	[SUCCESSFUL ] org.scala-sbt#zinc-classpath_2.12;1.5.7!zinc-classpath_2.12.jar (1823ms)[0m
[0m2021.12.14 14:28:42 ERROR downloading https://repo1.maven.org/maven2/org/scala-sbt/zinc-apiinfo_2.12/1.5.7/zinc-apiinfo_2.12-1.5.7.jar ...[0m
[0m2021.12.14 14:28:43 ERROR 	[SUCCESSFUL ] org.scala-sbt#zinc-apiinfo_2.12;1.5.7!zinc-apiinfo_2.12.jar (1384ms)[0m
[0m2021.12.14 14:28:43 ERROR downloading https://repo1.maven.org/maven2/org/scala-sbt/zinc_2.12/1.5.7/zinc_2.12-1.5.7.jar ...[0m
[0m2021.12.14 14:28:43 ERROR 	[SUCCESSFUL ] org.scala-lang#scala-reflect;2.12.14!scala-reflect.jar (13575ms)[0m
[0m2021.12.14 14:28:43 ERROR downloading https://repo1.maven.org/maven2/org/scala-sbt/util-control_2.12/1.5.5/util-control_2.12-1.5.5.jar ...[0m
[0m2021.12.14 14:28:44 ERROR 	[SUCCESSFUL ] org.jline#jline-terminal;3.19.0!jline-terminal.jar (4488ms)[0m
[0m2021.12.14 14:28:44 ERROR downloading https://repo1.maven.org/maven2/org/scala-sbt/jline/jline/2.14.7-sbt-a1b0ffbb8f64bb820f4f84a0c07a0c0964507493/jline-2.14.7-sbt-a1b0ffbb8f64bb820f4f84a0c07a0c0964507493.jar ...[0m
[0m2021.12.14 14:28:44 ERROR 	[SUCCESSFUL ] org.scala-sbt#zinc_2.12;1.5.7!zinc_2.12.jar (1904ms)[0m
[0m2021.12.14 14:28:44 ERROR downloading https://repo1.maven.org/maven2/org/jline/jline-reader/3.19.0/jline-reader-3.19.0.jar ...[0m
[0m2021.12.14 14:28:44 ERROR 	[SUCCESSFUL ] org.scala-sbt#util-control_2.12;1.5.5!util-control_2.12.jar (990ms)[0m
[0m2021.12.14 14:28:44 ERROR downloading https://repo1.maven.org/maven2/org/jline/jline-builtins/3.19.0/jline-builtins-3.19.0.jar ...[0m
[0m2021.12.14 14:28:47 ERROR 	[SUCCESSFUL ] org.jline#jline-reader;3.19.0!jline-reader.jar (2451ms)[0m
[0m2021.12.14 14:28:47 ERROR downloading https://repo1.maven.org/maven2/org/scala-sbt/util-interface/1.5.5/util-interface-1.5.5.jar ...[0m
[0m2021.12.14 14:28:47 ERROR 	[SUCCESSFUL ] org.scala-sbt.jline#jline;2.14.7-sbt-a1b0ffbb8f64bb820f4f84a0c07a0c0964507493!jline.jar (3231ms)[0m
[0m2021.12.14 14:28:47 ERROR downloading https://repo1.maven.org/maven2/org/scala-sbt/core-macros_2.12/1.5.5/core-macros_2.12-1.5.5.jar ...[0m
[0m2021.12.14 14:28:47 ERROR 	[SUCCESSFUL ] org.jline#jline-builtins;3.19.0!jline-builtins.jar (2547ms)[0m
[0m2021.12.14 14:28:47 ERROR downloading https://repo1.maven.org/maven2/org/jline/jline-terminal-jna/3.19.0/jline-terminal-jna-3.19.0.jar ...[0m
[0m2021.12.14 14:28:49 ERROR 	[SUCCESSFUL ] org.scala-sbt#util-interface;1.5.5!util-interface.jar (1333ms)[0m
[0m2021.12.14 14:28:49 ERROR downloading https://repo1.maven.org/maven2/org/jline/jline-terminal-jansi/3.19.0/jline-terminal-jansi-3.19.0.jar ...[0m
[0m2021.12.14 14:28:49 ERROR 	[SUCCESSFUL ] org.jline#jline-terminal-jna;3.19.0!jline-terminal-jna.jar (1548ms)[0m
[0m2021.12.14 14:28:49 ERROR downloading https://repo1.maven.org/maven2/com/lmax/disruptor/3.4.2/disruptor-3.4.2.jar ...[0m
[0m2021.12.14 14:28:50 ERROR 	[SUCCESSFUL ] org.scala-sbt#core-macros_2.12;1.5.5!core-macros_2.12.jar (2339ms)[0m
[0m2021.12.14 14:28:50 ERROR downloading https://repo1.maven.org/maven2/org/scala-lang/scala-compiler/2.12.14/scala-compiler-2.12.14.jar ...[0m
[0m2021.12.14 14:28:50 ERROR 	[SUCCESSFUL ] org.jline#jline-terminal-jansi;3.19.0!jline-terminal-jansi.jar (1411ms)[0m
[0m2021.12.14 14:28:50 ERROR downloading https://repo1.maven.org/maven2/org/fusesource/jansi/jansi/2.1.0/jansi-2.1.0.jar ...[0m
[0m2021.12.14 14:28:50 ERROR 	[SUCCESSFUL ] com.lmax#disruptor;3.4.2!disruptor.jar (1465ms)[0m
[0m2021.12.14 14:28:50 ERROR downloading https://repo1.maven.org/maven2/com/swoval/file-tree-views/2.1.6/file-tree-views-2.1.6.jar ...[0m
[0m2021.12.14 14:28:53 ERROR 	[SUCCESSFUL ] com.swoval#file-tree-views;2.1.6!file-tree-views.jar (1921ms)[0m
[0m2021.12.14 14:28:53 ERROR downloading https://repo1.maven.org/maven2/net/java/dev/jna/jna/5.5.0/jna-5.5.0.jar ...[0m
[0m2021.12.14 14:28:53 ERROR 	[SUCCESSFUL ] org.fusesource.jansi#jansi;2.1.0!jansi.jar (2487ms)[0m
[0m2021.12.14 14:28:53 ERROR downloading https://repo1.maven.org/maven2/net/java/dev/jna/jna-platform/5.5.0/jna-platform-5.5.0.jar ...[0m
[0m2021.12.14 14:28:56 ERROR 	[SUCCESSFUL ] io.get-coursier#lm-coursier-shaded_2.12;2.0.8!lm-coursier-shaded_2.12.jar (35535ms)[0m
[0m2021.12.14 14:28:56 ERROR downloading https://repo1.maven.org/maven2/org/jline/jline-style/3.19.0/jline-style-3.19.0.jar ...[0m
[0m2021.12.14 14:28:57 ERROR 	[SUCCESSFUL ] org.jline#jline-style;3.19.0!jline-style.jar (1651ms)[0m
[0m2021.12.14 14:28:57 ERROR downloading https://repo1.maven.org/maven2/org/scala-sbt/util-cache_2.12/1.5.5/util-cache_2.12-1.5.5.jar ...[0m
[0m2021.12.14 14:28:59 ERROR 	[SUCCESSFUL ] org.scala-sbt#util-cache_2.12;1.5.5!util-cache_2.12.jar (1939ms)[0m
[0m2021.12.14 14:28:59 ERROR downloading https://repo1.maven.org/maven2/com/eed3si9n/sjson-new-murmurhash_2.12/0.9.1/sjson-new-murmurhash_2.12-0.9.1.jar ...[0m
[0m2021.12.14 14:28:59 ERROR 	[SUCCESSFUL ] net.java.dev.jna#jna;5.5.0!jna.jar (7170ms)[0m
[0m2021.12.14 14:28:59 ERROR downloading https://repo1.maven.org/maven2/org/scala-sbt/test-agent/1.5.5/test-agent-1.5.5.jar ...[0m
[0m2021.12.14 14:29:01 ERROR 	[SUCCESSFUL ] com.eed3si9n#sjson-new-murmurhash_2.12;0.9.1!sjson-new-murmurhash_2.12.jar (1520ms)[0m
[0m2021.12.14 14:29:01 ERROR downloading https://repo1.maven.org/maven2/org/scala-sbt/test-interface/1.0/test-interface-1.0.jar ...[0m
[0m2021.12.14 14:29:01 ERROR 	[SUCCESSFUL ] org.scala-sbt#test-agent;1.5.5!test-agent.jar (1397ms)[0m
[0m2021.12.14 14:29:01 ERROR downloading https://repo1.maven.org/maven2/org/scala-sbt/compiler-bridge_2.12/1.5.7/compiler-bridge_2.12-1.5.7.jar ...[0m
[0m2021.12.14 14:29:02 ERROR 	[SUCCESSFUL ] org.scala-sbt#test-interface;1.0!test-interface.jar (1251ms)[0m
[0m2021.12.14 14:29:02 ERROR downloading https://repo1.maven.org/maven2/org/scala-sbt/zinc-classfile_2.12/1.5.7/zinc-classfile_2.12-1.5.7.jar ...[0m
[0m2021.12.14 14:29:02 ERROR 	[SUCCESSFUL ] net.java.dev.jna#jna-platform;5.5.0!jna-platform.jar (9537ms)[0m
[0m2021.12.14 14:29:02 ERROR downloading https://repo1.maven.org/maven2/com/jcraft/jsch/0.1.54/jsch-0.1.54.jar ...[0m
[0m2021.12.14 14:29:02 ERROR 	[SUCCESSFUL ] org.scala-sbt#compiler-bridge_2.12;1.5.7!compiler-bridge_2.12.jar (1540ms)[0m
[0m2021.12.14 14:29:02 ERROR downloading https://repo1.maven.org/maven2/com/eed3si9n/gigahorse-okhttp_2.12/0.5.0/gigahorse-okhttp_2.12-0.5.0.jar ...[0m
[0m2021.12.14 14:29:03 ERROR 	[SUCCESSFUL ] org.scala-sbt#zinc-classfile_2.12;1.5.7!zinc-classfile_2.12.jar (1215ms)[0m
[0m2021.12.14 14:29:03 ERROR downloading https://repo1.maven.org/maven2/com/squareup/okhttp3/okhttp-urlconnection/3.7.0/okhttp-urlconnection-3.7.0.jar ...[0m
[0m2021.12.14 14:29:03 ERROR 	[SUCCESSFUL ] com.jcraft#jsch;0.1.54!jsch.jar (1349ms)[0m
[0m2021.12.14 14:29:03 ERROR downloading https://repo1.maven.org/maven2/com/eed3si9n/gigahorse-core_2.12/0.5.0/gigahorse-core_2.12-0.5.0.jar ...[0m
[0m2021.12.14 14:29:03 ERROR 	[SUCCESSFUL ] com.eed3si9n#gigahorse-okhttp_2.12;0.5.0!gigahorse-okhttp_2.12.jar (1021ms)[0m
[0m2021.12.14 14:29:03 ERROR downloading https://repo1.maven.org/maven2/com/squareup/okhttp3/okhttp/3.14.2/okhttp-3.14.2.jar ...[0m
[0m2021.12.14 14:29:03 ERROR 	[SUCCESSFUL ] com.squareup.okhttp3#okhttp-urlconnection;3.7.0!okhttp-urlconnection.jar (970ms)[0m
[0m2021.12.14 14:29:03 ERROR downloading https://repo1.maven.org/maven2/com/typesafe/ssl-config-core_2.12/0.4.0/ssl-config-core_2.12-0.4.0.jar ...[0m
[0m2021.12.14 14:29:05 ERROR 	[SUCCESSFUL ] com.eed3si9n#gigahorse-core_2.12;0.5.0!gigahorse-core_2.12.jar (1129ms)[0m
[0m2021.12.14 14:29:05 ERROR downloading https://repo1.maven.org/maven2/org/reactivestreams/reactive-streams/1.0.2/reactive-streams-1.0.2.jar ...[0m
[0m2021.12.14 14:29:05 ERROR 	[SUCCESSFUL ] com.squareup.okhttp3#okhttp;3.14.2!okhttp.jar (1460ms)[0m
[0m2021.12.14 14:29:05 ERROR downloading https://repo1.maven.org/maven2/org/slf4j/slf4j-api/1.7.26/slf4j-api-1.7.26.jar ...[0m
[0m2021.12.14 14:29:05 ERROR 	[SUCCESSFUL ] com.typesafe#ssl-config-core_2.12;0.4.0!ssl-config-core_2.12.jar(bundle) (1260ms)[0m
[0m2021.12.14 14:29:05 ERROR downloading https://repo1.maven.org/maven2/org/scala-lang/modules/scala-parser-combinators_2.12/1.1.2/scala-parser-combinators_2.12-1.1.2.jar ...[0m
[0m2021.12.14 14:29:06 ERROR 	[SUCCESSFUL ] org.reactivestreams#reactive-streams;1.0.2!reactive-streams.jar (1082ms)[0m
[0m2021.12.14 14:29:06 ERROR downloading https://repo1.maven.org/maven2/com/typesafe/config/1.3.3/config-1.3.3.jar ...[0m
[0m2021.12.14 14:29:06 ERROR 	[SUCCESSFUL ] org.slf4j#slf4j-api;1.7.26!slf4j-api.jar (1011ms)[0m
[0m2021.12.14 14:29:06 ERROR downloading https://repo1.maven.org/maven2/com/squareup/okio/okio/1.17.2/okio-1.17.2.jar ...[0m
[0m2021.12.14 14:29:06 ERROR 	[SUCCESSFUL ] org.scala-lang.modules#scala-parser-combinators_2.12;1.1.2!scala-parser-combinators_2.12.jar(bundle) (1201ms)[0m
[0m2021.12.14 14:29:06 ERROR downloading https://repo1.maven.org/maven2/org/scala-sbt/zinc-core_2.12/1.5.7/zinc-core_2.12-1.5.7.jar ...[0m
[0m2021.12.14 14:29:07 ERROR 	[SUCCESSFUL ] com.typesafe#config;1.3.3!config.jar(bundle) (1240ms)[0m
[0m2021.12.14 14:29:07 ERROR downloading https://repo1.maven.org/maven2/org/scala-sbt/zinc-persist_2.12/1.5.7/zinc-persist_2.12-1.5.7.jar ...[0m
[0m2021.12.14 14:29:07 ERROR 	[SUCCESSFUL ] com.squareup.okio#okio;1.17.2!okio.jar (1078ms)[0m
[0m2021.12.14 14:29:07 ERROR downloading https://repo1.maven.org/maven2/org/scala-sbt/zinc-compile-core_2.12/1.5.7/zinc-compile-core_2.12-1.5.7.jar ...[0m
[0m2021.12.14 14:29:08 ERROR 	[SUCCESSFUL ] org.scala-sbt#zinc-core_2.12;1.5.7!zinc-core_2.12.jar (1448ms)[0m
[0m2021.12.14 14:29:08 ERROR downloading https://repo1.maven.org/maven2/org/scala-sbt/zinc-persist-core-assembly/1.5.7/zinc-persist-core-assembly-1.5.7.jar ...[0m
[0m2021.12.14 14:29:08 ERROR 	[SUCCESSFUL ] org.scala-sbt#zinc-persist_2.12;1.5.7!zinc-persist_2.12.jar (1217ms)[0m
[0m2021.12.14 14:29:08 ERROR downloading https://repo1.maven.org/maven2/net/openhft/zero-allocation-hashing/0.10.1/zero-allocation-hashing-0.10.1.jar ...[0m
[0m2021.12.14 14:29:08 ERROR 	[SUCCESSFUL ] org.scala-sbt#zinc-compile-core_2.12;1.5.7!zinc-compile-core_2.12.jar (1196ms)[0m
[0m2021.12.14 14:29:08 ERROR downloading https://repo1.maven.org/maven2/org/scala-sbt/sbinary_2.12/0.5.1/sbinary_2.12-0.5.1.jar ...[0m
[0m2021.12.14 14:29:09 ERROR 	[SUCCESSFUL ] net.openhft#zero-allocation-hashing;0.10.1!zero-allocation-hashing.jar(bundle) (997ms)[0m
[0m2021.12.14 14:29:09 ERROR downloading https://repo1.maven.org/maven2/org/scala-sbt/protocol_2.12/1.5.5/protocol_2.12-1.5.5.jar ...[0m
[0m2021.12.14 14:29:09 ERROR 	[SUCCESSFUL ] org.scala-sbt#sbinary_2.12;0.5.1!sbinary_2.12.jar (1057ms)[0m
[0m2021.12.14 14:29:09 ERROR downloading https://repo1.maven.org/maven2/org/scala-sbt/template-resolver/0.1/template-resolver-0.1.jar ...[0m
[0m2021.12.14 14:29:12 ERROR 	[SUCCESSFUL ] org.scala-sbt#template-resolver;0.1!template-resolver.jar (2682ms)[0m
[0m2021.12.14 14:29:12 ERROR downloading https://repo1.maven.org/maven2/org/scala-sbt/ipcsocket/ipcsocket/1.3.1/ipcsocket-1.3.1.jar ...[0m
[0m2021.12.14 14:29:12 ERROR 	[SUCCESSFUL ] org.scala-sbt#protocol_2.12;1.5.5!protocol_2.12.jar (3546ms)[0m
[0m2021.12.14 14:29:12 ERROR downloading https://repo1.maven.org/maven2/org/checkerframework/checker-qual/3.4.1/checker-qual-3.4.1.jar ...[0m
[0m2021.12.14 14:29:14 ERROR 	[SUCCESSFUL ] org.checkerframework#checker-qual;3.4.1!checker-qual.jar (1558ms)[0m
[0m2021.12.14 14:29:14 ERROR downloading https://repo1.maven.org/maven2/com/google/errorprone/error_prone_annotations/2.4.0/error_prone_annotations-2.4.0.jar ...[0m
[0m2021.12.14 14:29:14 ERROR 	[SUCCESSFUL ] org.scala-sbt.ipcsocket#ipcsocket;1.3.1!ipcsocket.jar (2288ms)[0m
[0m2021.12.14 14:29:14 ERROR downloading https://repo1.maven.org/maven2/org/scala-lang/modules/scala-collection-compat_2.12/2.4.2/scala-collection-compat_2.12-2.4.2.jar ...[0m
[0m2021.12.14 14:29:14 ERROR 	[SUCCESSFUL ] org.scala-sbt#zinc-persist-core-assembly;1.5.7!zinc-persist-core-assembly.jar (6591ms)[0m
[0m2021.12.14 14:29:14 ERROR downloading https://repo1.maven.org/maven2/org/scala-sbt/ivy/ivy/2.3.0-sbt-fbc4f586aeeb1591710b14eb4f41b94880dcd745/ivy-2.3.0-sbt-fbc4f586aeeb1591710b14eb4f41b94880dcd745.jar ...[0m
[0m2021.12.14 14:29:15 ERROR 	[SUCCESSFUL ] com.google.errorprone#error_prone_annotations;2.4.0!error_prone_annotations.jar (1042ms)[0m
[0m2021.12.14 14:29:15 ERROR 	[SUCCESSFUL ] org.scala-lang.modules#scala-collection-compat_2.12;2.4.2!scala-collection-compat_2.12.jar (1392ms)[0m
[0m2021.12.14 14:29:20 ERROR 	[SUCCESSFUL ] org.scala-sbt.ivy#ivy;2.3.0-sbt-fbc4f586aeeb1591710b14eb4f41b94880dcd745!ivy.jar (5137ms)[0m
[0m2021.12.14 14:29:26 ERROR 	[SUCCESSFUL ] org.scala-lang#scala-compiler;2.12.14!scala-compiler.jar (36395ms)[0m
[0m2021.12.14 14:29:26 ERROR :: retrieving :: org.scala-sbt#boot-app[0m
[0m2021.12.14 14:29:26 ERROR 	confs: [default][0m
[0m2021.12.14 14:29:26 ERROR 	83 artifacts copied, 0 already retrieved[0m
[0m2021.12.14 14:29:26 ERROR [info] [launcher] getting Scala 2.12.14 (for sbt)...[0m
[0m2021.12.14 14:29:59 ERROR downloading https://repo1.maven.org/maven2/org/scala-lang/modules/scala-xml_2.12/1.0.6/scala-xml_2.12-1.0.6.jar ...[0m
[0m2021.12.14 14:29:59 ERROR downloading https://repo1.maven.org/maven2/org/fusesource/jansi/jansi/1.12/jansi-1.12.jar ...[0m
[0m2021.12.14 14:29:59 ERROR downloading https://repo1.maven.org/maven2/jline/jline/2.14.6/jline-2.14.6.jar ...[0m
[0m2021.12.14 14:30:02 ERROR 	[SUCCESSFUL ] org.fusesource.jansi#jansi;1.12!jansi.jar (3169ms)[0m
[0m2021.12.14 14:30:02 ERROR 	[SUCCESSFUL ] jline#jline;2.14.6!jline.jar (3477ms)[0m
[0m2021.12.14 14:30:04 ERROR 	[SUCCESSFUL ] org.scala-lang.modules#scala-xml_2.12;1.0.6!scala-xml_2.12.jar(bundle) (4982ms)[0m
[0m2021.12.14 14:30:04 ERROR :: retrieving :: org.scala-sbt#boot-scala[0m
[0m2021.12.14 14:30:04 ERROR 	confs: [default][0m
[0m2021.12.14 14:30:04 ERROR 	6 artifacts copied, 0 already retrieved[0m
[0m2021.12.14 14:30:07 INFO  [info] welcome to sbt 1.5.5 (AdoptOpenJDK Java 11.0.11)[0m
[0m2021.12.14 14:30:12 INFO  [info] loading settings for project new_project-build-build from metals.sbt ...[0m
[0m2021.12.14 14:30:14 INFO  [info] loading project definition from /home/dhanyaharish/Documents/GitHub/Scala/new_project/project/project[0m
[0m2021.12.14 14:30:58 INFO  [info] loading settings for project new_project-build from metals.sbt ...[0m
[0m2021.12.14 14:30:58 INFO  [info] loading project definition from /home/dhanyaharish/Documents/GitHub/Scala/new_project/project[0m
[0m2021.12.14 14:32:19 INFO  [success] Generated .bloop/new_project-build.json[0m
[0m2021.12.14 14:32:19 INFO  [success] Total time: 80 s (01:20), completed Dec 14, 2021, 2:32:19 PM[0m
[0m2021.12.14 14:32:21 INFO  [info] loading settings for project new_project from build.sbt ...[0m
[0m2021.12.14 14:32:21 INFO  [info] set current project to hello-world (in build file:/home/dhanyaharish/Documents/GitHub/Scala/new_project/)[0m
[0m2021.12.14 14:32:59 INFO  [success] Generated .bloop/new_project.json[0m
[0m2021.12.14 14:32:59 INFO  [success] Generated .bloop/new_project-test.json[0m
[0m2021.12.14 14:32:59 INFO  [success] Total time: 37 s, completed Dec 14, 2021, 2:32:59 PM[0m
[0m2021.12.14 14:33:00 INFO  time: ran 'sbt bloopInstall' in 10m35s[0m
[0m2021.12.14 14:33:00 INFO  Attempting to connect to the build server...[0m
Starting the bsp launcher for bloop...
Opening a bsp server connection with 'bsp --protocol local --socket /tmp/bsp-launcher15704198381495562376/bsp.socket'...
Waiting for the bsp connection to come up...
Waiting for the bsp connection to come up...
Waiting for the bsp connection to come up...
Waiting for the bsp connection to come up...
Waiting for the bsp connection to come up...
Waiting for the bsp connection to come up...
Waiting for the bsp connection to come up...
Waiting for the bsp connection to come up...
Waiting for the bsp connection to come up...
Waiting for the bsp connection to come up...
Waiting for the bsp connection to come up...
Waiting for the bsp connection to come up...
Waiting for the bsp connection to come up...
Waiting for the bsp connection to come up...
Waiting for the bsp connection to come up...
Waiting for the bsp connection to come up...
Waiting for the bsp connection to come up...
Waiting for the bsp connection to come up...
Waiting for the bsp connection to come up...
Waiting for the bsp connection to come up...
Waiting for the bsp connection to come up...
Waiting for the bsp connection to come up...
Waiting for the bsp connection to come up...
Waiting for the bsp connection to come up...
Waiting for the bsp connection to come up...
Waiting for the bsp connection to come up...
Waiting for the bsp connection to come up...
Waiting for the bsp connection to come up...
Waiting for the bsp connection to come up...
Waiting for the bsp connection to come up...
Waiting for the bsp connection to come up...
error: Giving up on waiting for a connection, printing embedded bloop logs:
> No server running at 127.0.0.1:8212, let's fire one...
> Resolving ch.epfl.scala:bloop-frontend_2.12:1.4.11...
error: Trying a tcp-based connection to the server instead...
Opening a bsp server connection with 'bsp --protocol tcp --port 39966'...
Waiting for the bsp connection to come up...
Waiting for the bsp connection to come up...
Waiting for the bsp connection to come up...
Waiting for the bsp connection to come up...
Waiting for the bsp connection to come up...
Waiting for the bsp connection to come up...
Waiting for the bsp connection to come up...
Waiting for the bsp connection to come up...
Waiting for the bsp connection to come up...
Waiting for the bsp connection to come up...
Waiting for the bsp connection to come up...
Waiting for the bsp connection to come up...
Waiting for the bsp connection to come up...
Waiting for the bsp connection to come up...
Waiting for the bsp connection to come up...
Waiting for the bsp connection to come up...
Waiting for the bsp connection to come up...
Waiting for the bsp connection to come up...
Waiting for the bsp connection to come up...
Waiting for the bsp connection to come up...
Waiting for the bsp connection to come up...
Waiting for the bsp connection to come up...
Waiting for the bsp connection to come up...
Waiting for the bsp connection to come up...
Waiting for the bsp connection to come up...
Waiting for the bsp connection to come up...
Waiting for the bsp connection to come up...
Waiting for the bsp connection to come up...
Waiting for the bsp connection to come up...
Waiting for the bsp connection to come up...
Waiting for the bsp connection to come up...
error: Giving up on waiting for a connection, printing embedded bloop logs:
> No server running at 127.0.0.1:8212, let's fire one...
> Resolving ch.epfl.scala:bloop-frontend_2.12:1.4.11...
error: The launcher failed to establish a bsp connection, aborting...
[0m2021.12.14 14:34:02 ERROR Failed to connect with build server, no functionality will work.
java.lang.RuntimeException: The server did not start, got FailedToOpenBspConnection
	at bloop.launcher.LauncherMain.failPromise$1(Launcher.scala:95)
	at bloop.launcher.LauncherMain.runLauncher(Launcher.scala:122)
	at scala.meta.internal.metals.BloopServers$$anon$1.run(BloopServers.scala:159)
	at java.util.concurrent.Executors$RunnableAdapter.call(Executors.java:515)
	at java.util.concurrent.FutureTask.run(FutureTask.java:264)
	at java.util.concurrent.ThreadPoolExecutor.runWorker(ThreadPoolExecutor.java:1128)
	at java.util.concurrent.ThreadPoolExecutor$Worker.run(ThreadPoolExecutor.java:628)
	at java.lang.Thread.run(Thread.java:829)
[0m
[0m2021.12.14 14:34:57 INFO  shutting down Metals[0m
